<?xml version="1.0" encoding="UTF-8"?>
<!-- Generated by org.testng.reporters.JUnitReportReporter -->
<testsuite skipped="0" hostname="DLLA1660" name="com.qainfotech.automation.snpAPITest.FirstSNLTest" tests="1" failures="0" timestamp="2020-02-27T17:21:05 IST" time="1.008" errors="0">
  <testcase name="firstTest" time="1.008" classname="com.qainfotech.automation.snpAPITest.FirstSNLTest"/>
</testsuite> <!-- com.qainfotech.automation.snpAPITest.FirstSNLTest -->
