<?xml version="1.0" encoding="UTF-8"?>
<!-- Generated by org.testng.reporters.JUnitReportReporter -->
<testsuite hostname="DLLA1660" failures="0" tests="1" name="com.qainfotech.automation.snpAPITest.FirstSNLTest" time="2.030" errors="0" timestamp="2020-02-18T16:02:25 IST" skipped="0">
  <testcase classname="com.qainfotech.automation.snpAPITest.FirstSNLTest" name="firstTest" time="2.030"/>
  <system-out>
PlayerNames: [Aakash] PlayerIDs: [5179] PlayerNames: [Aakash, Love] PlayerIDs: [5179, 5180] Player 1 details[Aakash, 5179] Player 2 details[Love, 5180] Roll Dice and Moved Player Getting Board Details PlayerIDs: [5179, 5180] PlayerPositions: [17, 0] Player Postion: 17 Roll Dice and Moved Player Getting Board Details PlayerIDs: [5179, 5180] PlayerPositions: [17, 17] Player Postion: 17  </system-out>
</testsuite> <!-- com.qainfotech.automation.snpAPITest.FirstSNLTest -->
