<?xml version="1.0" encoding="UTF-8"?>
<!-- Generated by org.testng.reporters.JUnitReportReporter -->
<testsuite hostname="DLLA1660" failures="0" tests="1" name="com.qainfotech.automation.snpAPITest.FirstSNL" time="2.053" errors="0" timestamp="2020-02-18T15:53:13 IST" skipped="0">
  <testcase classname="com.qainfotech.automation.snpAPITest.FirstSNL" name="firstTest" time="2.053"/>
  <system-out>
PlayerNames: [Aakash] PlayerIDs: [5177] PlayerNames: [Aakash, Love] PlayerIDs: [5177, 5178] Player 1 details[Aakash, 5177] Player 2 details[Love, 5178] Roll Dice and Moved Player Getting Board Details PlayerIDs: [5177, 5178] PlayerPositions: [17, 0] Player Postion: 17 Roll Dice and Moved Player Getting Board Details PlayerIDs: [5177, 5178] PlayerPositions: [17, 2] Player Postion: 2  </system-out>
</testsuite> <!-- com.qainfotech.automation.snpAPITest.FirstSNL -->
